#
# There is insufficient memory for the Java Runtime Environment to continue.
# Native memory allocation (malloc) failed to allocate 1048576 bytes for AllocateHeap
# Possible reasons:
#   The system is out of physical RAM or swap space
#   The process is running with CompressedOops enabled, and the Java Heap may be blocking the growth of the native heap
# Possible solutions:
#   Reduce memory load on the system
#   Increase physical memory or swap space
#   Check if swap backing store is full
#   Decrease Java heap size (-Xmx/-Xms)
#   Decrease number of Java threads
#   Decrease Java thread stack sizes (-Xss)
#   Set larger code cache with -XX:ReservedCodeCacheSize=
#   JVM is running with Unscaled Compressed Oops mode in which the Java heap is
#     placed in the first 4GB address space. The Java Heap base address is the
#     maximum limit for the native heap growth. Please use -XX:HeapBaseMinAddress
#     to set the Java Heap base and to place the Java Heap above 4GB virtual address.
# This output file may be truncated or incomplete.
#
#  Out of Memory Error (allocation.cpp:44), pid=3328, tid=3996
#
# JRE version:  (17.0.3+7) (build )
# Java VM: OpenJDK 64-Bit Server VM (17.0.3+7, mixed mode, sharing, tiered, compressed oops, compressed class ptrs, g1 gc, windows-amd64)
# No core dump will be written. Minidumps are not enabled by default on client versions of Windows
#

---------------  S U M M A R Y ------------

Command Line: -XX:+ShowCodeDetailsInExceptionMessages -agentlib:jdwp=transport=dt_socket,suspend=y,address=localhost:3362 -javaagent:C:\Users\User\Downloads\eclipse-java-2022-06-R-win32-x86_64\eclipse\configuration\org.eclipse.osgi\215\0\.cp\lib\javaagent-shaded.jar -Dfile.encoding=UTF-8 StepDefinition.ConvertCSVtoJson

Host: Intel(R) Core(TM) i5-3337U CPU @ 1.80GHz, 4 cores, 3G,  Windows 8.1 , 64 bit Build 9600 (6.3.9600.17056)
Time: Wed Jul  6 17:06:35 2022 India Standard Time elapsed time: 0.313372 seconds (0d 0h 0m 0s)

---------------  T H R E A D  ---------------

Current thread (0x000000ca5ce74870):  JavaThread "Unknown thread" [_thread_in_vm, id=3996, stack(0x000000ca5c510000,0x000000ca5c610000)]

Stack: [0x000000ca5c510000,0x000000ca5c610000]
Native frames: (J=compiled Java code, j=interpreted, Vv=VM code, C=native code)
V  [jvm.dll+0x675efa]
V  [jvm.dll+0x830a24]
V  [jvm.dll+0x8321ce]
V  [jvm.dll+0x832833]
V  [jvm.dll+0x2454b5]
V  [jvm.dll+0xa6393]
V  [jvm.dll+0x2e4327]
V  [jvm.dll+0x2dc18b]
V  [jvm.dll+0x802651]
V  [jvm.dll+0x3693b1]
V  [jvm.dll+0x7e1aac]
V  [jvm.dll+0x3ebd8f]
V  [jvm.dll+0x3ed911]
C  [jli.dll+0x5277]
C  [ucrtbase.DLL+0x1c1ae]
C  [KERNEL32.DLL+0x16ad]
C  [ntdll.dll+0x734a5]


---------------  P R O C E S S  ---------------

Threads class SMR info:
_java_thread_list=0x00007ff8d6416e98, length=0, elements={
}

Java Threads: ( => current thread )

Other Threads:
  0x000000ca5ceaffd0 GCTaskThread "GC Thread#0" [stack: 0x000000ca5cc30000,0x000000ca5cd30000] [id=6028]

[error occurred during error reporting (printing all threads), id 0xc0000005, EXCEPTION_ACCESS_VIOLATION (0xc0000005) at pc=0x00007ff8d5be92b0]

VM state: not at safepoint (not fully initialized)

VM Mutex/Monitor currently owned by a thread:  ([mutex/lock_event])
[0x000000ca5ce6f820] Heap_lock - owner thread: 0x000000ca5ce74870

Heap address: 0x00000000c1c00000, size: 996 MB, Compressed Oops mode: 32-bit

CDS archive(s) mapped at: [0x0000000000000000-0x0000000000000000-0x0000000000000000), size 0, SharedBaseAddress: 0x0000000800000000, ArchiveRelocationMode: 0.
Narrow klass base: 0x0000000000000000, Narrow klass shift: 0, Narrow klass range: 0x0

GC Precious Log:
<Empty>

Heap:
 garbage-first heap   total 0K, used 0K [0x00000000c1c00000, 0x0000000100000000)
  region size 1024K, 0 young (0K), 0 survivors (0K)

[error occurred during error reporting (printing heap information), id 0xc0000005, EXCEPTION_ACCESS_VIOLATION (0xc0000005) at pc=0x00007ff8d5fcf249]

GC Heap History (0 events):
No events

Deoptimization events (0 events):
No events

Classes unloaded (0 events):
No events

Classes redefined (0 events):
No events

Internal exceptions (0 events):
No events

VM Operations (0 events):
No events

Events (1 events):
Event: 0.203 Loaded shared library C:\Users\User\Downloads\eclipse-java-2022-06-R-win32-x86_64\eclipse\plugins\org.eclipse.justj.openjdk.hotspot.jre.full.win32.x86_64_17.0.3.v20220515-1416\jre\bin\java.dll


Dynamic libraries:
0x00007ff7c4c20000 - 0x00007ff7c4c2e000 	C:\Users\User\Downloads\eclipse-java-2022-06-R-win32-x86_64\eclipse\plugins\org.eclipse.justj.openjdk.hotspot.jre.full.win32.x86_64_17.0.3.v20220515-1416\jre\bin\javaw.exe
0x00007ff900810000 - 0x00007ff9009ba000 	C:\Windows\SYSTEM32\ntdll.dll
0x00007ff900530000 - 0x00007ff90066a000 	C:\Windows\system32\KERNEL32.DLL
0x00007ff8fdf30000 - 0x00007ff8fe03f000 	C:\Windows\system32\KERNELBASE.dll
0x00007ff8f6740000 - 0x00007ff8f6758000 	C:\Users\User\Downloads\eclipse-java-2022-06-R-win32-x86_64\eclipse\plugins\org.eclipse.justj.openjdk.hotspot.jre.full.win32.x86_64_17.0.3.v20220515-1416\jre\bin\jli.dll
0x00007ff8fc640000 - 0x00007ff8fc659000 	C:\Users\User\Downloads\eclipse-java-2022-06-R-win32-x86_64\eclipse\plugins\org.eclipse.justj.openjdk.hotspot.jre.full.win32.x86_64_17.0.3.v20220515-1416\jre\bin\VCRUNTIME140.dll
0x00007ff8fc4c0000 - 0x00007ff8fc4c4000 	C:\Users\User\Downloads\eclipse-java-2022-06-R-win32-x86_64\eclipse\plugins\org.eclipse.justj.openjdk.hotspot.jre.full.win32.x86_64_17.0.3.v20220515-1416\jre\bin\api-ms-win-crt-stdio-l1-1-0.dll
0x00007ff8fa770000 - 0x00007ff8fa774000 	C:\Users\User\Downloads\eclipse-java-2022-06-R-win32-x86_64\eclipse\plugins\org.eclipse.justj.openjdk.hotspot.jre.full.win32.x86_64_17.0.3.v20220515-1416\jre\bin\api-ms-win-crt-runtime-l1-1-0.dll
0x00007ff8fa6d0000 - 0x00007ff8fa6d3000 	C:\Users\User\Downloads\eclipse-java-2022-06-R-win32-x86_64\eclipse\plugins\org.eclipse.justj.openjdk.hotspot.jre.full.win32.x86_64_17.0.3.v20220515-1416\jre\bin\api-ms-win-crt-environment-l1-1-0.dll
0x00007ff8fb5d0000 - 0x00007ff8fb5d5000 	C:\Users\User\Downloads\eclipse-java-2022-06-R-win32-x86_64\eclipse\plugins\org.eclipse.justj.openjdk.hotspot.jre.full.win32.x86_64_17.0.3.v20220515-1416\jre\bin\api-ms-win-crt-math-l1-1-0.dll
0x00007ff8fa780000 - 0x00007ff8fa783000 	C:\Users\User\Downloads\eclipse-java-2022-06-R-win32-x86_64\eclipse\plugins\org.eclipse.justj.openjdk.hotspot.jre.full.win32.x86_64_17.0.3.v20220515-1416\jre\bin\api-ms-win-crt-locale-l1-1-0.dll
0x00007ff8f9880000 - 0x00007ff8f9883000 	C:\Users\User\Downloads\eclipse-java-2022-06-R-win32-x86_64\eclipse\plugins\org.eclipse.justj.openjdk.hotspot.jre.full.win32.x86_64_17.0.3.v20220515-1416\jre\bin\api-ms-win-crt-heap-l1-1-0.dll
0x00007ff8fa1c0000 - 0x00007ff8fa41a000 	C:\Windows\WinSxS\amd64_microsoft.windows.common-controls_6595b64144ccf1df_6.0.9600.17031_none_6242a4b3ecbb55a1\COMCTL32.dll
0x00007ff900080000 - 0x00007ff9001f1000 	C:\Windows\system32\USER32.dll
0x00007ff8f9f90000 - 0x00007ff8f9f93000 	C:\Users\User\Downloads\eclipse-java-2022-06-R-win32-x86_64\eclipse\plugins\org.eclipse.justj.openjdk.hotspot.jre.full.win32.x86_64_17.0.3.v20220515-1416\jre\bin\api-ms-win-crt-filesystem-l1-1-0.dll
0x00007ff8fb5e0000 - 0x00007ff8fb5e4000 	C:\Users\User\Downloads\eclipse-java-2022-06-R-win32-x86_64\eclipse\plugins\org.eclipse.justj.openjdk.hotspot.jre.full.win32.x86_64_17.0.3.v20220515-1416\jre\bin\api-ms-win-crt-string-l1-1-0.dll
0x00007ff8fa720000 - 0x00007ff8fa724000 	C:\Users\User\Downloads\eclipse-java-2022-06-R-win32-x86_64\eclipse\plugins\org.eclipse.justj.openjdk.hotspot.jre.full.win32.x86_64_17.0.3.v20220515-1416\jre\bin\api-ms-win-crt-convert-l1-1-0.dll
0x00007ff8fffd0000 - 0x00007ff900077000 	C:\Windows\system32\msvcrt.dll
0x00007ff900260000 - 0x00007ff9003a4000 	C:\Windows\system32\GDI32.dll
0x00007ff8eaf70000 - 0x00007ff8eb06a000 	C:\Users\User\Downloads\eclipse-java-2022-06-R-win32-x86_64\eclipse\plugins\org.eclipse.justj.openjdk.hotspot.jre.full.win32.x86_64_17.0.3.v20220515-1416\jre\bin\ucrtbase.DLL
0x00007ff8ff720000 - 0x00007ff8ff754000 	C:\Windows\system32\IMM32.DLL
0x00007ff8fe0b0000 - 0x00007ff8fe1e9000 	C:\Windows\system32\MSCTF.dll
0x00007ff8fc890000 - 0x00007ff8fc89c000 	C:\Users\User\Downloads\eclipse-java-2022-06-R-win32-x86_64\eclipse\plugins\org.eclipse.justj.openjdk.hotspot.jre.full.win32.x86_64_17.0.3.v20220515-1416\jre\bin\vcruntime140_1.dll
0x00007ff8eba00000 - 0x00007ff8eba91000 	C:\Users\User\Downloads\eclipse-java-2022-06-R-win32-x86_64\eclipse\plugins\org.eclipse.justj.openjdk.hotspot.jre.full.win32.x86_64_17.0.3.v20220515-1416\jre\bin\msvcp140.dll
0x00007ff8f9930000 - 0x00007ff8f9933000 	C:\Users\User\Downloads\eclipse-java-2022-06-R-win32-x86_64\eclipse\plugins\org.eclipse.justj.openjdk.hotspot.jre.full.win32.x86_64_17.0.3.v20220515-1416\jre\bin\api-ms-win-crt-time-l1-1-0.dll
0x00007ff8fb5c0000 - 0x00007ff8fb5c3000 	C:\Users\User\Downloads\eclipse-java-2022-06-R-win32-x86_64\eclipse\plugins\org.eclipse.justj.openjdk.hotspot.jre.full.win32.x86_64_17.0.3.v20220515-1416\jre\bin\api-ms-win-crt-utility-l1-1-0.dll
0x00007ff8d5900000 - 0x00007ff8d6548000 	C:\Users\User\Downloads\eclipse-java-2022-06-R-win32-x86_64\eclipse\plugins\org.eclipse.justj.openjdk.hotspot.jre.full.win32.x86_64_17.0.3.v20220515-1416\jre\bin\server\jvm.dll
0x00007ff8ff890000 - 0x00007ff8ff935000 	C:\Windows\system32\ADVAPI32.dll
0x00007ff8f1a30000 - 0x00007ff8f1a39000 	C:\Windows\SYSTEM32\WSOCK32.dll
0x00007ff8f1910000 - 0x00007ff8f192f000 	C:\Windows\SYSTEM32\WINMM.dll
0x00007ff8fbb20000 - 0x00007ff8fbb2a000 	C:\Windows\SYSTEM32\VERSION.dll
0x00007ff8fffc0000 - 0x00007ff8fffc7000 	C:\Windows\system32\PSAPI.DLL
0x00007ff8ff6c0000 - 0x00007ff8ff717000 	C:\Windows\SYSTEM32\sechost.dll
0x00007ff8ff940000 - 0x00007ff8ffa76000 	C:\Windows\system32\RPCRT4.dll
0x00007ff8ff830000 - 0x00007ff8ff888000 	C:\Windows\system32\WS2_32.dll
0x00007ff8f18e0000 - 0x00007ff8f190a000 	C:\Windows\SYSTEM32\WINMMBASE.dll
0x00007ff8ff820000 - 0x00007ff8ff829000 	C:\Windows\system32\NSI.dll
0x00007ff8fe040000 - 0x00007ff8fe08a000 	C:\Windows\SYSTEM32\cfgmgr32.dll
0x00007ff8fc9d0000 - 0x00007ff8fc9f6000 	C:\Windows\SYSTEM32\DEVOBJ.dll
0x00007ff8f92e0000 - 0x00007ff8f92ea000 	C:\Users\User\Downloads\eclipse-java-2022-06-R-win32-x86_64\eclipse\plugins\org.eclipse.justj.openjdk.hotspot.jre.full.win32.x86_64_17.0.3.v20220515-1416\jre\bin\jimage.dll
0x00007ff8f1330000 - 0x00007ff8f14b8000 	C:\Windows\SYSTEM32\DBGHELP.DLL
0x00007ff8ee580000 - 0x00007ff8ee5bb000 	C:\Users\User\Downloads\eclipse-java-2022-06-R-win32-x86_64\eclipse\plugins\org.eclipse.justj.openjdk.hotspot.jre.full.win32.x86_64_17.0.3.v20220515-1416\jre\bin\jdwp.dll
0x00007ff8f9980000 - 0x00007ff8f998e000 	C:\Users\User\Downloads\eclipse-java-2022-06-R-win32-x86_64\eclipse\plugins\org.eclipse.justj.openjdk.hotspot.jre.full.win32.x86_64_17.0.3.v20220515-1416\jre\bin\instrument.dll
0x00007ff8f55c0000 - 0x00007ff8f55e5000 	C:\Users\User\Downloads\eclipse-java-2022-06-R-win32-x86_64\eclipse\plugins\org.eclipse.justj.openjdk.hotspot.jre.full.win32.x86_64_17.0.3.v20220515-1416\jre\bin\java.dll

dbghelp: loaded successfully - version: 4.0.5 - missing functions: none
symbol engine: initialized successfully - sym options: 0x614 - pdb path: .;C:\Users\User\Downloads\eclipse-java-2022-06-R-win32-x86_64\eclipse\plugins\org.eclipse.justj.openjdk.hotspot.jre.full.win32.x86_64_17.0.3.v20220515-1416\jre\bin;C:\Windows\SYSTEM32;C:\Windows\WinSxS\amd64_microsoft.windows.common-controls_6595b64144ccf1df_6.0.9600.17031_none_6242a4b3ecbb55a1;C:\Users\User\Downloads\eclipse-java-2022-06-R-win32-x86_64\eclipse\plugins\org.eclipse.justj.openjdk.hotspot.jre.full.win32.x86_64_17.0.3.v20220515-1416\jre\bin\server

VM Arguments:
jvm_args: -XX:+ShowCodeDetailsInExceptionMessages -agentlib:jdwp=transport=dt_socket,suspend=y,address=localhost:3362 -javaagent:C:\Users\User\Downloads\eclipse-java-2022-06-R-win32-x86_64\eclipse\configuration\org.eclipse.osgi\215\0\.cp\lib\javaagent-shaded.jar -Dfile.encoding=UTF-8 
java_command: StepDefinition.ConvertCSVtoJson
java_class_path (initial): C:\Users\User\eclipse-workspace\CucumberJavaHomework\target\test-classes;C:\Users\User\eclipse-workspace\CucumberJavaHomework\target\classes;C:\Users\User\Downloads\eclipse-java-2022-06-R-win32-x86_64\eclipse\plugins\org.junit_4.13.2.v20211018-1956.jar;C:\Users\User\Downloads\eclipse-java-2022-06-R-win32-x86_64\eclipse\plugins\org.hamcrest.core_1.3.0.v20180420-1519.jar;C:\Users\User\.m2\repository\io\cucumber\cucumber-java\7.4.1\cucumber-java-7.4.1.jar;C:\Users\User\.m2\repository\io\cucumber\cucumber-core\7.4.1\cucumber-core-7.4.1.jar;C:\Users\User\.m2\repository\io\cucumber\cucumber-gherkin\7.4.1\cucumber-gherkin-7.4.1.jar;C:\Users\User\.m2\repository\io\cucumber\cucumber-gherkin-messages\7.4.1\cucumber-gherkin-messages-7.4.1.jar;C:\Users\User\.m2\repository\io\cucumber\gherkin\23.0.1\gherkin-23.0.1.jar;C:\Users\User\.m2\repository\io\cucumber\messages\18.0.0\messages-18.0.0.jar;C:\Users\User\.m2\repository\io\cucumber\tag-expressions\4.1.0\tag-expressions-4.1.0.jar;C:\Users\User\.m2\repository\io\cucumber\cucumber-expressions\16.0.0\cucumber-expressions-16.0.0.jar;C:\Users\User\.m2\repository\io\cucumber\datatable\7.4.1\datatable-7.4.1.jar;C:\Users\User\.m2\repository\io\cucumber\cucumber-plugin\7.4.1\cucumber-plugin-7.4.1.jar;C:\Users\User\.m2\repository\io\cucumber\docstring\7.4.1\docstring-7.4.1.jar;C:\Users\User\.m2\repository\io\cucumber\html-formatter\19.2.0\html-formatter-19.2.0.jar;C:\Users\User\.m2\repository\io\cucumber\ci-environment\9.0.4\ci-environment-9.0.4.jar;C:\Users\User\.m2\repository\org\apiguardian\apiguardian-api\1.1.2\apiguardian-api-1.1.2.jar;C:\Users\User\.m2\repository\commons-io\commons-io\2.11.0\commons-io-2.11.0.jar;C:\Users\User\.m2\repository\com\fasterxml\jackson\core\jackson-databind\2.13.3\jackson-databind-2.13.3.jar;C:\Users\User\.m2\repository\com\fasterxml\jackson\core\jackson-annotations\2.13.3\jackson-annotations-2.13.3.jar;C:\Users\User\.m2\repository\com\fasterxml\jackson\core\jackson-core\2.13
Launcher Type: SUN_STANDARD

[Global flags]
     intx CICompilerCount                          = 3                                         {product} {ergonomic}
     uint ConcGCThreads                            = 1                                         {product} {ergonomic}
     uint G1ConcRefinementThreads                  = 4                                         {product} {ergonomic}
   size_t G1HeapRegionSize                         = 1048576                                   {product} {ergonomic}
    uintx GCDrainStackTargetSize                   = 64                                        {product} {ergonomic}
   size_t InitialHeapSize                          = 67108864                                  {product} {ergonomic}
   size_t MarkStackSize                            = 4194304                                   {product} {ergonomic}
   size_t MaxHeapSize                              = 1044381696                                {product} {ergonomic}
   size_t MinHeapDeltaBytes                        = 1048576                                   {product} {ergonomic}
   size_t MinHeapSize                              = 8388608                                   {product} {ergonomic}
    uintx NonNMethodCodeHeapSize                   = 5832780                                {pd product} {ergonomic}
    uintx NonProfiledCodeHeapSize                  = 122912730                              {pd product} {ergonomic}
    uintx ProfiledCodeHeapSize                     = 122912730                              {pd product} {ergonomic}
    uintx ReservedCodeCacheSize                    = 251658240                              {pd product} {ergonomic}
     bool SegmentedCodeCache                       = true                                      {product} {ergonomic}
     bool ShowCodeDetailsInExceptionMessages       = true                                   {manageable} {command line}
   size_t SoftMaxHeapSize                          = 1044381696                             {manageable} {ergonomic}
     bool UseCompressedClassPointers               = true                           {product lp64_product} {ergonomic}
     bool UseCompressedOops                        = true                           {product lp64_product} {ergonomic}
     bool UseG1GC                                  = true                                      {product} {ergonomic}
     bool UseLargePagesIndividualAllocation        = false                                  {pd product} {ergonomic}

Logging:
Log output configuration:
 #0: stdout all=warning uptime,level,tags
 #1: stderr all=off uptime,level,tags

Environment Variables:
JAVA_HOME=F:\sqldeveloper\jdk\jre\bin
PATH=C:\Users\User\Downloads\eclipse-java-2022-06-R-win32-x86_64\eclipse\plugins\org.eclipse.justj.openjdk.hotspot.jre.full.win32.x86_64_17.0.3.v20220515-1416\jre\bin;C:/Users/User/Downloads/eclipse-java-2022-06-R-win32-x86_64/eclipse//plugins/org.eclipse.justj.openjdk.hotspot.jre.full.win32.x86_64_17.0.3.v20220515-1416/jre/bin/server;C:/Users/User/Downloads/eclipse-java-2022-06-R-win32-x86_64/eclipse//plugins/org.eclipse.justj.openjdk.hotspot.jre.full.win32.x86_64_17.0.3.v20220515-1416/jre/bin;F:\app\client\User\product\12.1.0\client_1;F:\app\client\User\product\12.1.0\client_1\bin;F:\app\client\User\product\12.1.0\client_5;F:\app\client\User\product\12.1.0\client_5\bin;F:\app\client\User\product\12.1.0\client_4;F:\app\client\User\product\12.1.0\client_4\bin;F:\app\client\User\product\12.1.0\client_3;F:\app\client\User\product\12.1.0\client_3\bin;C:\oraclexe\app\oracle\product\11.2.0\server\bin;;F:\app\client\User\product\12.1.0\client_2;F:\app\client\User\product\12.1.0\client_2\bin;F:\app\User\product\12.2.0\dbhome_1\bin;C:\Program Files (x86)\Intel\iCLS Client\;C:\Program Files\Intel\iCLS Client\;C:\Windows\system32;C:\Windows;C:\Windows\System32\Wbem;C:\Windows\System32\WindowsPowerShell\v1.0\;C:\Program Files\Intel\Intel(R) Management Engine Components\DAL;C:\Program Files\Intel\Intel(R) Management Engine Components\IPT;C:\Program Files (x86)\Intel\Intel(R) Management Engine Components\DAL;C:\Program Files (x86)\Intel\Intel(R) Management Engine Components\IPT;C:\Program Files (x86)\Windows Kits\8.1\Windows Performance Toolkit\;C:\Program Files\Microsoft SQL Server\110\Tools\Binn\;C:\Program Files (x86)\Microsoft SQL Server\100\Tools\Binn\VSShell\Common7\IDE\;C:\Program Files (x86)\Microsoft SQL Server\100\Tools\Binn\;C:\Program Files\Microsoft SQL Server\100\Tools\Binn\;C:\Program Files (x86)\Microsoft SQL Server\100\DTS\Binn\;C:\Program Files\Microsoft SQL Server\100\DTS\Binn\;C:\Program Files (x86)\Skype\Phone\;C:\Program Files (x86)\Common Files\lenovo\easyplu
USERNAME=User
OS=Windows_NT
PROCESSOR_IDENTIFIER=Intel64 Family 6 Model 58 Stepping 9, GenuineIntel



---------------  S Y S T E M  ---------------

OS:
 Windows 8.1 , 64 bit Build 9600 (6.3.9600.17056)
OS uptime: 3 days 22:22 hours
Hyper-V virtualization detected

CPU: total 4 (initial active 4) (2 cores per cpu, 2 threads per core) family 6 model 58 stepping 9 microcode 0x17, cx8, cmov, fxsr, ht, mmx, sse, sse2, sse3, ssse3, sse4.1, sse4.2, popcnt, tsc, tscinvbit, avx, aes, erms, clmul, vzeroupper, clflush, hv

Memory: 4k page, system-wide physical 3983M (251M free)
TotalPageFile size 7055M (AvailPageFile size 4M)
current process WorkingSet (physical memory assigned to process): 9M, peak: 9M
current process commit charge ("private bytes"): 48M, peak: 49M

vm_info: OpenJDK 64-Bit Server VM (17.0.3+7) for windows-amd64 JRE (17.0.3+7), built on Apr 19 2022 16:55:35 by "" with MS VC++ 16.7 (VS2019)

END.
